[    0.000000] Linux version 4.15.0-156-generic (buildd@lcy01-amd64-008) (gcc version 7.5.0 (Ubuntu 7.5.0-3ubuntu1~18.04)) #163-Ubuntu SMP Thu Aug 19 23:31:58 UTC 2021 (Ubuntu 4.15.0-156.163-generic 4.15.18)
[    0.000000] Command line: BOOT_IMAGE=/boot/vmlinuz-4.15.0-156-generic root=LABEL=cloudimg-rootfs ro console=tty1 console=ttyS0
[    0.000000] KERNEL supported cpus:
[    0.000000]   Intel GenuineIntel
[    0.000000]   AMD AuthenticAMD
[    0.000000]   Centaur CentaurHauls
[    0.000000] x86/fpu: Supporting XSAVE feature 0x001: 'x87 floating point registers'
[    0.000000] x86/fpu: Supporting XSAVE feature 0x002: 'SSE registers'
[    0.000000] x86/fpu: Supporting XSAVE feature 0x004: 'AVX registers'
[    0.000000] x86/fpu: xstate_offset[2]:  576, xstate_sizes[2]:  256
[    0.000000] x86/fpu: Enabled xstate features 0x7, context size is 832 bytes, using 'standard' format.
[    0.000000] e820: BIOS-provided physical RAM map:
[    0.000000] BIOS-e820: [mem 0x0000000000000000-0x000000000009fbff] usable
[    0.000000] BIOS-e820: [mem 0x000000000009fc00-0x000000000009ffff] reserved
[    0.000000] BIOS-e820: [mem 0x00000000000f0000-0x00000000000fffff] reserved
[    0.000000] BIOS-e820: [mem 0x0000000000100000-0x000000003ffeffff] usable
[    0.000000] BIOS-e820: [mem 0x000000003fff0000-0x000000003fffffff] ACPI data
[    0.000000] BIOS-e820: [mem 0x00000000fec00000-0x00000000fec00fff] reserved
[    0.000000] BIOS-e820: [mem 0x00000000fee00000-0x00000000fee00fff] reserved
[    0.000000] BIOS-e820: [mem 0x00000000fffc0000-0x00000000ffffffff] reserved
[    0.000000] NX (Execute Disable) protection: active
[    0.000000] SMBIOS 2.5 present.
[    0.000000] DMI: innotek GmbH VirtualBox/VirtualBox, BIOS VirtualBox 12/01/2006
[    0.000000] Hypervisor detected: KVM
[    0.000000] e820: last_pfn = 0x3fff0 max_arch_pfn = 0x400000000
[    0.000000] MTRR: Disabled
[    0.000000] x86/PAT: MTRRs disabled, skipping PAT initialization too.
[    0.000000] CPU MTRRs all blank - virtualized system.
[    0.000000] x86/PAT: Configuration [0-7]: WB  WT  UC- UC  WB  WT  UC- UC  
[    0.000000] found SMP MP-table at [mem 0x0009fff0-0x0009ffff]
[    0.000000] Scanning 1 areas for low memory corruption
[    0.000000] RAMDISK: [mem 0x359cf000-0x36cdefff]
[    0.000000] ACPI: Early table checksum verification disabled
[    0.000000] ACPI: RSDP 0x00000000000E0000 000024 (v02 VBOX  )
[    0.000000] ACPI: XSDT 0x000000003FFF0030 00003C (v01 VBOX   VBOXXSDT 00000001 ASL  00000061)
[    0.000000] ACPI: FACP 0x000000003FFF00F0 0000F4 (v04 VBOX   VBOXFACP 00000001 ASL  00000061)
[    0.000000] ACPI: DSDT 0x000000003FFF0470 002325 (v02 VBOX   VBOXBIOS 00000002 INTL 20120111)
[    0.000000] ACPI: FACS 0x000000003FFF0200 000040
[    0.000000] ACPI: FACS 0x000000003FFF0200 000040
[    0.000000] ACPI: APIC 0x000000003FFF0240 00005C (v02 VBOX   VBOXAPIC 00000001 ASL  00000061)
[    0.000000] ACPI: SSDT 0x000000003FFF02A0 0001CC (v01 VBOX   VBOXCPUT 00000002 INTL 20120111)
[    0.000000] ACPI: Reserving FACP table memory at [mem 0x3fff00f0-0x3fff01e3]
[    0.000000] ACPI: Reserving DSDT table memory at [mem 0x3fff0470-0x3fff2794]
[    0.000000] ACPI: Reserving FACS table memory at [mem 0x3fff0200-0x3fff023f]
[    0.000000] ACPI: Reserving FACS table memory at [mem 0x3fff0200-0x3fff023f]
[    0.000000] ACPI: Reserving APIC table memory at [mem 0x3fff0240-0x3fff029b]
[    0.000000] ACPI: Reserving SSDT table memory at [mem 0x3fff02a0-0x3fff046b]
[    0.000000] No NUMA configuration found
[    0.000000] Faking a node at [mem 0x0000000000000000-0x000000003ffeffff]
[    0.000000] NODE_DATA(0) allocated [mem 0x3ffc5000-0x3ffeffff]
[    0.000000] kvm-clock: cpu 0, msr 0:3ff44001, primary cpu clock
[    0.000000] kvm-clock: Using msrs 4b564d01 and 4b564d00
[    0.000000] kvm-clock: using sched offset of 4090616973 cycles
[    0.000000] clocksource: kvm-clock: mask: 0xffffffffffffffff max_cycles: 0x1cd42e4dffb, max_idle_ns: 881590591483 ns
[    0.000000] Zone ranges:
[    0.000000]   DMA      [mem 0x0000000000001000-0x0000000000ffffff]
[    0.000000]   DMA32    [mem 0x0000000001000000-0x000000003ffeffff]
[    0.000000]   Normal   empty
[    0.000000]   Device   empty
[    0.000000] Movable zone start for each node
[    0.000000] Early memory node ranges
[    0.000000]   node   0: [mem 0x0000000000001000-0x000000000009efff]
[    0.000000]   node   0: [mem 0x0000000000100000-0x000000003ffeffff]
[    0.000000] Reserved but unavailable: 104 pages
[    0.000000] Initmem setup node 0 [mem 0x0000000000001000-0x000000003ffeffff]
[    0.000000] ACPI: PM-Timer IO Port: 0x4008
[    0.000000] IOAPIC[0]: apic_id 2, version 32, address 0xfec00000, GSI 0-23
[    0.000000] ACPI: INT_SRC_OVR (bus 0 bus_irq 0 global_irq 2 dfl dfl)
[    0.000000] ACPI: INT_SRC_OVR (bus 0 bus_irq 9 global_irq 9 low level)
[    0.000000] Using ACPI (MADT) for SMP configuration information
[    0.000000] smpboot: Allowing 2 CPUs, 0 hotplug CPUs
[    0.000000] PM: Registered nosave memory: [mem 0x00000000-0x00000fff]
[    0.000000] PM: Registered nosave memory: [mem 0x0009f000-0x0009ffff]
[    0.000000] PM: Registered nosave memory: [mem 0x000a0000-0x000effff]
[    0.000000] PM: Registered nosave memory: [mem 0x000f0000-0x000fffff]
[    0.000000] e820: [mem 0x40000000-0xfebfffff] available for PCI devices
[    0.000000] Booting paravirtualized kernel on KVM
[    0.000000] clocksource: refined-jiffies: mask: 0xffffffff max_cycles: 0xffffffff, max_idle_ns: 7645519600211568 ns
[    0.000000] random: get_random_bytes called from start_kernel+0x99/0x500 with crng_init=0
[    0.000000] setup_percpu: NR_CPUS:8192 nr_cpumask_bits:2 nr_cpu_ids:2 nr_node_ids:1
[    0.000000] percpu: Embedded 45 pages/cpu s147456 r8192 d28672 u1048576
[    0.000000] PV qspinlock hash table entries: 256 (order: 0, 4096 bytes)
[    0.000000] Built 1 zonelists, mobility grouping on.  Total pages: 257913
[    0.000000] Policy zone: DMA32
[    0.000000] Kernel command line: BOOT_IMAGE=/boot/vmlinuz-4.15.0-156-generic root=LABEL=cloudimg-rootfs ro console=tty1 console=ttyS0
[    0.000000] Memory: 982716K/1048120K available (12300K kernel code, 2483K rwdata, 4320K rodata, 2448K init, 2724K bss, 65404K reserved, 0K cma-reserved)
[    0.000000] SLUB: HWalign=64, Order=0-3, MinObjects=0, CPUs=2, Nodes=1
[    0.000000] Kernel/User page tables isolation: enabled
[    0.000000] ftrace: allocating 39466 entries in 155 pages
[    0.004000] Hierarchical RCU implementation.
[    0.004000] 	RCU restricting CPUs from NR_CPUS=8192 to nr_cpu_ids=2.
[    0.004000] 	Tasks RCU enabled.
[    0.004000] RCU: Adjusting geometry for rcu_fanout_leaf=16, nr_cpu_ids=2
[    0.004000] NR_IRQS: 524544, nr_irqs: 440, preallocated irqs: 16
[    0.004000] Console: colour VGA+ 80x25
[    0.004000] console [tty1] enabled
[    0.004000] console [ttyS0] enabled
[    0.004000] ACPI: Core revision 20170831
[    0.004000] ACPI: 2 ACPI AML tables successfully acquired and loaded
[    0.004000] APIC: Switch to symmetric I/O mode setup
[    0.004000] x2apic enabled
[    0.004000] Switched APIC routing to physical x2apic.
[    0.004000] ..TIMER: vector=0x30 apic1=0 pin1=2 apic2=-1 pin2=-1
[    0.004005] tsc: Detected 1996.800 MHz processor
[    0.004879] Calibrating delay loop (skipped) preset value.. 3993.60 BogoMIPS (lpj=7987200)
[    0.005544] pid_max: default: 32768 minimum: 301
[    0.008024] Security Framework initialized
[    0.008894] Yama: becoming mindful.
[    0.009586] AppArmor: AppArmor initialized
[    0.012020] Dentry cache hash table entries: 131072 (order: 8, 1048576 bytes)
[    0.013459] Inode-cache hash table entries: 65536 (order: 7, 524288 bytes)
[    0.014754] Mount-cache hash table entries: 2048 (order: 2, 16384 bytes)
[    0.016000] Mountpoint-cache hash table entries: 2048 (order: 2, 16384 bytes)
[    0.016278] Last level iTLB entries: 4KB 0, 2MB 0, 4MB 0
[    0.017498] Last level dTLB entries: 4KB 0, 2MB 0, 4MB 0, 1GB 0
[    0.018770] Spectre V1 : Mitigation: usercopy/swapgs barriers and __user pointer sanitization
[    0.020008] Spectre V2 : Mitigation: Full generic retpoline
[    0.021257] Spectre V2 : Spectre v2 / SpectreRSB mitigation: Filling RSB on context switch
[    0.024005] Speculative Store Bypass: Vulnerable
[    0.024936] MDS: Mitigation: Clear CPU buffers
[    0.025933] Freeing SMP alternatives memory: 36K
[    0.138235] smpboot: CPU0: Intel(R) Core(TM) i5-1038NG7 CPU @ 2.00GHz (family: 0x6, model: 0x7e, stepping: 0x5)
[    0.140000] Performance Events: unsupported p6 CPU model 126 no PMU driver, software events only.
[    0.140035] Hierarchical SRCU implementation.
[    0.141577] NMI watchdog: Perf event create on CPU 0 failed with -2
[    0.144003] NMI watchdog: Perf NMI watchdog permanently disabled
[    0.145912] smp: Bringing up secondary CPUs ...
[    0.147017] x86: Booting SMP configuration:
[    0.148005] .... node  #0, CPUs:      #1
[    0.004000] kvm-clock: cpu 1, msr 0:3ff44041, secondary cpu clock
[    0.152022] smp: Brought up 1 node, 2 CPUs
[    0.153279] smpboot: Max logical packages: 1
[    0.156010] smpboot: Total of 2 processors activated (7987.20 BogoMIPS)
[    0.157457] devtmpfs: initialized
[    0.157457] x86/mm: Memory block size: 128MB
[    0.160126] evm: security.selinux
[    0.160861] evm: security.SMACK64
[    0.161530] evm: security.SMACK64EXEC
[    0.162329] evm: security.SMACK64TRANSMUTE
[    0.163149] evm: security.SMACK64MMAP
[    0.164035] evm: security.apparmor
[    0.164857] evm: security.ima
[    0.165572] evm: security.capability
[    0.166430] clocksource: jiffies: mask: 0xffffffff max_cycles: 0xffffffff, max_idle_ns: 7645041785100000 ns
[    0.168012] futex hash table entries: 512 (order: 3, 32768 bytes)
[    0.169259] pinctrl core: initialized pinctrl subsystem
[    0.172193] RTC time: 17:44:18, date: 09/14/21
[    0.173296] NET: Registered protocol family 16
[    0.174557] audit: initializing netlink subsys (disabled)
[    0.176042] audit: type=2000 audit(1631641463.759:1): state=initialized audit_enabled=0 res=1
[    0.176142] cpuidle: using governor ladder
[    0.176917] cpuidle: using governor menu
[    0.180051] ACPI: bus type PCI registered
[    0.180976] acpiphp: ACPI Hot Plug PCI Controller Driver version: 0.5
[    0.182372] PCI: Using configuration type 1 for base access
[    0.184735] HugeTLB registered 2.00 MiB page size, pre-allocated 0 pages
[    0.185564] ACPI: Added _OSI(Module Device)
[    0.185564] ACPI: Added _OSI(Processor Device)
[    0.188009] ACPI: Added _OSI(3.0 _SCP Extensions)
[    0.189117] ACPI: Added _OSI(Processor Aggregator Device)
[    0.190425] ACPI: Added _OSI(Linux-Dell-Video)
[    0.191473] ACPI: Added _OSI(Linux-Lenovo-NV-HDMI-Audio)
[    0.192007] ACPI: Added _OSI(Linux-HPI-Hybrid-Graphics)
[    0.193461] ACPI: Executed 1 blocks of module-level executable AML code
[    0.198858] ACPI: Interpreter enabled
[    0.199746] ACPI: (supports S0 S5)
[    0.200006] ACPI: Using IOAPIC for interrupt routing
[    0.201302] PCI: Using host bridge windows from ACPI; if necessary, use "pci=nocrs" and report a bug
[    0.203392] ACPI: Enabled 2 GPEs in block 00 to 07
[    0.211096] ACPI: PCI Root Bridge [PCI0] (domain 0000 [bus 00-ff])
[    0.212008] acpi PNP0A03:00: _OSC: OS supports [ASPM ClockPM Segments MSI]
[    0.213754] acpi PNP0A03:00: _OSC: not requesting OS control; OS requires [ExtendedConfig ASPM ClockPM MSI]
[    0.215633] acpi PNP0A03:00: fail to add MMCONFIG information, can't access extended PCI configuration space under this bridge.
[    0.216478] PCI host bridge to bus 0000:00
[    0.220005] pci_bus 0000:00: root bus resource [io  0x0000-0x0cf7 window]
[    0.221278] pci_bus 0000:00: root bus resource [io  0x0d00-0xffff window]
[    0.222568] pci_bus 0000:00: root bus resource [mem 0x000a0000-0x000bffff window]
[    0.223987] pci_bus 0000:00: root bus resource [mem 0x40000000-0xfdffffff window]
[    0.224006] pci_bus 0000:00: root bus resource [bus 00-ff]
[    0.229790] pci 0000:00:01.1: legacy IDE quirk: reg 0x10: [io  0x01f0-0x01f7]
[    0.231213] pci 0000:00:01.1: legacy IDE quirk: reg 0x14: [io  0x03f6]
[    0.232002] pci 0000:00:01.1: legacy IDE quirk: reg 0x18: [io  0x0170-0x0177]
[    0.233338] pci 0000:00:01.1: legacy IDE quirk: reg 0x1c: [io  0x0376]
[    0.250376] pci 0000:00:07.0: quirk: [io  0x4000-0x403f] claimed by PIIX4 ACPI
[    0.251948] pci 0000:00:07.0: quirk: [io  0x4100-0x410f] claimed by PIIX4 SMB
[    0.259410] ACPI: PCI Interrupt Link [LNKA] (IRQs 5 9 10 *11)
[    0.260293] ACPI: PCI Interrupt Link [LNKB] (IRQs 5 9 *10 11)
[    0.264174] ACPI: PCI Interrupt Link [LNKC] (IRQs 5 *9 10 11)
[    0.265509] ACPI: PCI Interrupt Link [LNKD] (IRQs 5 9 10 *11)
[    0.267012] SCSI subsystem initialized
[    0.268059] pci 0000:00:02.0: vgaarb: setting as boot VGA device
[    0.269286] pci 0000:00:02.0: vgaarb: VGA device added: decodes=io+mem,owns=io+mem,locks=none
[    0.270980] pci 0000:00:02.0: vgaarb: bridge control possible
[    0.272017] vgaarb: loaded
[    0.272721] ACPI: bus type USB registered
[    0.273607] usbcore: registered new interface driver usbfs
[    0.274651] usbcore: registered new interface driver hub
[    0.276017] usbcore: registered new device driver usb
[    0.277284] EDAC MC: Ver: 3.0.0
[    0.277284] PCI: Using ACPI for IRQ routing
[    0.280334] NetLabel: Initializing
[    0.281054] NetLabel:  domain hash size = 128
[    0.281951] NetLabel:  protocols = UNLABELED CIPSOv4 CALIPSO
[    0.283106] NetLabel:  unlabeled traffic allowed by default
[    0.284069] clocksource: Switched to clocksource kvm-clock
[    0.296863] VFS: Disk quotas dquot_6.6.0
[    0.297725] VFS: Dquot-cache hash table entries: 512 (order 0, 4096 bytes)
[    0.299128] AppArmor: AppArmor Filesystem Enabled
[    0.300041] pnp: PnP ACPI init
[    0.302056] pnp: PnP ACPI: found 3 devices
[    0.310756] clocksource: acpi_pm: mask: 0xffffff max_cycles: 0xffffff, max_idle_ns: 2085701024 ns
[    0.312820] NET: Registered protocol family 2
[    0.313817] IP idents hash table entries: 16384 (order: 5, 131072 bytes)
[    0.316820] TCP established hash table entries: 8192 (order: 4, 65536 bytes)
[    0.318253] TCP bind hash table entries: 8192 (order: 5, 131072 bytes)
[    0.319619] TCP: Hash tables configured (established 8192 bind 8192)
[    0.321235] UDP hash table entries: 512 (order: 2, 16384 bytes)
[    0.322551] UDP-Lite hash table entries: 512 (order: 2, 16384 bytes)
[    0.323809] NET: Registered protocol family 1
[    0.324734] pci 0000:00:00.0: Limiting direct PCI/PCI transfers
[    0.325955] pci 0000:00:01.0: Activating ISA DMA hang workarounds
[    0.327209] pci 0000:00:02.0: Video device with shadowed ROM at [mem 0x000c0000-0x000dffff]
[    0.329042] Unpacking initramfs...
[    0.609913] Freeing initrd memory: 19520K
[    0.611584] clocksource: tsc: mask: 0xffffffffffffffff max_cycles: 0x3990bec8342, max_idle_ns: 881590769617 ns
[    0.615249] platform rtc_cmos: registered platform RTC device (no PNP device found)
[    0.616978] Scanning for low memory corruption every 60 seconds
[    0.619055] Initialise system trusted keyrings
[    0.620098] Key type blacklist registered
[    0.621074] workingset: timestamp_bits=36 max_order=18 bucket_order=0
[    0.622997] zbud: loaded
[    0.624004] squashfs: version 4.0 (2009/01/31) Phillip Lougher
[    0.625336] fuse init (API version 7.26)
[    0.627398] Key type asymmetric registered
[    0.628262] Asymmetric key parser 'x509' registered
[    0.629247] Block layer SCSI generic (bsg) driver version 0.4 loaded (major 246)
[    0.630755] io scheduler noop registered
[    0.631567] io scheduler deadline registered
[    0.632691] io scheduler cfq registered (default)
[    0.634203] ACPI: AC Adapter [AC] (off-line)
[    0.635121] input: Power Button as /devices/LNXSYSTM:00/LNXPWRBN:00/input/input0
[    0.636742] ACPI: Power Button [PWRF]
[    0.637531] input: Sleep Button as /devices/LNXSYSTM:00/LNXSLPBN:00/input/input1
[    0.638938] ACPI: Sleep Button [SLPF]
[    0.641158] ACPI: Battery Slot [BAT0] (battery present)
[    0.642424] Serial: 8250/16550 driver, 32 ports, IRQ sharing enabled
[    0.665658] 00:02: ttyS0 at I/O 0x3f8 (irq = 4, base_baud = 115200) is a 16550A
[    0.670958] Linux agpgart interface v0.103
[    0.673637] loop: module loaded
[    0.674806] scsi host0: ata_piix
[    0.675759] scsi host1: ata_piix
[    0.676552] ata1: PATA max UDMA/33 cmd 0x1f0 ctl 0x3f6 bmdma 0xd000 irq 14
[    0.677931] ata2: PATA max UDMA/33 cmd 0x170 ctl 0x376 bmdma 0xd008 irq 15
[    0.679425] libphy: Fixed MDIO Bus: probed
[    0.680295] tun: Universal TUN/TAP device driver, 1.6
[    0.681399] PPP generic driver version 2.4.2
[    0.682336] ehci_hcd: USB 2.0 'Enhanced' Host Controller (EHCI) Driver
[    0.683581] ehci-pci: EHCI PCI platform driver
[    0.684545] ehci-platform: EHCI generic platform driver
[    0.685557] ohci_hcd: USB 1.1 'Open' Host Controller (OHCI) Driver
[    0.686740] ohci-pci: OHCI PCI platform driver
[    0.687620] ohci-platform: OHCI generic platform driver
[    0.688675] uhci_hcd: USB Universal Host Controller Interface driver
[    0.689928] i8042: PNP: PS/2 Controller [PNP0303:PS2K,PNP0f03:PS2M] at 0x60,0x64 irq 1,12
[    0.691919] serio: i8042 KBD port at 0x60,0x64 irq 1
[    0.692977] serio: i8042 AUX port at 0x60,0x64 irq 12
[    0.694171] mousedev: PS/2 mouse device common for all mice
[    0.695876] input: AT Translated Set 2 keyboard as /devices/platform/i8042/serio0/input/input2
[    0.697840] rtc_cmos rtc_cmos: rtc core: registered rtc_cmos as rtc0
[    0.699114] rtc_cmos rtc_cmos: alarms up to one day, 114 bytes nvram
[    0.700385] i2c /dev entries driver
[    0.701150] device-mapper: uevent: version 1.0.3
[    0.702176] device-mapper: ioctl: 4.37.0-ioctl (2017-09-20) initialised: dm-devel@redhat.com
[    0.703898] ledtrig-cpu: registered to indicate activity on CPUs
[    0.705438] NET: Registered protocol family 10
[    0.709305] Segment Routing with IPv6
[    0.710058] NET: Registered protocol family 17
[    0.711290] Key type dns_resolver registered
[    0.712304] mce: Using 0 MCE banks
[    0.713004] RAS: Correctable Errors collector initialized.
[    0.714111] sched_clock: Marking stable (712283684, 0)->(875265532, -162981848)
[    0.716063] registered taskstats version 1
[    0.716886] Loading compiled-in X.509 certificates
[    0.719867] Loaded X.509 cert 'Build time autogenerated kernel key: b39ba71f7e5bf175906d0a602aa7bdc709562f9b'
[    0.722650] Loaded X.509 cert 'Canonical Ltd. Live Patch Signing: 14df34d1a87cf37625abec039ef2bf521249b969'
[    0.725013] Loaded X.509 cert 'Canonical Ltd. Kernel Module Signing: 88f752e560a1e0737e31163a466ad7b70a850c19'
[    0.726948] zswap: loaded using pool lzo/zbud
[    0.730912] Key type big_key registered
[    0.731813] Key type trusted registered
[    0.734570] Key type encrypted registered
[    0.735393] AppArmor: AppArmor sha1 policy hashing enabled
[    0.736531] ima: No TPM chip found, activating TPM-bypass! (rc=-19)
[    0.737707] ima: Allocated hash algorithm: sha1
[    0.738608] evm: HMAC attrs: 0x1
[    0.739487]   Magic number: 5:558:744
[    0.740432] rtc_cmos rtc_cmos: setting system clock to 2021-09-14 17:44:19 UTC (1631641459)
[    0.742216] BIOS EDD facility v0.16 2004-Jun-25, 0 devices found
[    0.743446] EDD information not available.
[    0.860690] Freeing unused kernel image memory: 2448K
[    0.872461] Write protecting the kernel read-only data: 20480k
[    0.877092] Freeing unused kernel image memory: 2008K
[    0.878764] Freeing unused kernel image memory: 1824K
[    0.884448] x86/mm: Checked W+X mappings: passed, no W+X pages found.
[    0.885942] x86/mm: Checking user space page tables
[    0.891680] x86/mm: Checked W+X mappings: passed, no W+X pages found.
Loading, please wait...
starting version 237
[    0.942187] e1000: Intel(R) PRO/1000 Network Driver - version 7.3.21-k8-NAPI
[    0.945178] e1000: Copyright (c) 1999-2006 Intel Corporation.
[    0.950937] Fusion MPT base driver 3.04.20
[    0.952216] Copyright (c) 1999-2008 LSI Corporation
[    0.967254] Fusion MPT SPI Host driver 3.04.20
[    0.971697] AVX2 version of gcm_enc/dec engaged.
[    0.973195] AES CTR mode by8 optimization enabled
[    1.157376] input: ImExPS/2 Generic Explorer Mouse as /devices/platform/i8042/serio1/input/input4
[    1.353543] e1000 0000:00:03.0 eth0: (PCI:33MHz:32-bit) 02:82:2a:96:15:3b
[    1.355479] e1000 0000:00:03.0 eth0: Intel(R) PRO/1000 Network Connection
[    1.357815] mptbase: ioc0: Initiating bringup
[    1.358645] e1000 0000:00:03.0 enp0s3: renamed from eth0
[    1.457408] ioc0: LSI53C1030 A0: Capabilities={Initiator}
[    2.463363] scsi host2: ioc0: LSI53C1030 A0, FwRev=00000000h, Ports=1, MaxQ=256, IRQ=20
[    4.281998] scsi 2:0:0:0: Direct-Access     VBOX     HARDDISK         1.0  PQ: 0 ANSI: 5
[    4.754153] scsi target2:0:0: Beginning Domain Validation
[    4.758763] scsi target2:0:0: Domain Validation skipping write tests
[    4.760131] scsi target2:0:0: Ending Domain Validation
[    4.761439] scsi target2:0:0: asynchronous
[    4.762888] scsi 2:0:1:0: Direct-Access     VBOX     HARDDISK         1.0  PQ: 0 ANSI: 5
[    6.749210] scsi target2:0:1: Beginning Domain Validation
[    6.750887] random: fast init done
[    6.751677] scsi target2:0:1: Domain Validation skipping write tests
[    6.752924] scsi target2:0:1: Ending Domain Validation
[    6.754082] scsi target2:0:1: asynchronous
[    6.757850] random: systemd-udevd: uninitialized urandom read (16 bytes read)
[    6.759268] random: systemd-udevd: uninitialized urandom read (16 bytes read)
[    6.760827] random: systemd-udevd: uninitialized urandom read (16 bytes read)
[    6.762643] sd 2:0:0:0: Attached scsi generic sg0 type 0
[    6.763864] sd 2:0:0:0: [sda] 83886080 512-byte logical blocks: (42.9 GB/40.0 GiB)
[    6.764212] sd 2:0:1:0: Attached scsi generic sg1 type 0
[    6.767177] sd 2:0:0:0: [sda] Write Protect is off
[    6.768348] sd 2:0:1:0: [sdb] 20480 512-byte logical blocks: (10.5 MB/10.0 MiB)
[    6.769750] sd 2:0:0:0: [sda] Incomplete mode parameter data
[    6.770856] sd 2:0:0:0: [sda] Assuming drive cache: write through
[    6.772007] sd 2:0:1:0: [sdb] Write Protect is off
[    6.773090] sd 2:0:1:0: [sdb] Incomplete mode parameter data
[    6.774161] sd 2:0:1:0: [sdb] Assuming drive cache: write through
[    6.776659]  sda: sda1
[    6.777821] sd 2:0:0:0: [sda] Attached SCSI disk
[    6.779287] sd 2:0:1:0: [sdb] Attached SCSI disk
Begin: Loading essential drivers ... [    8.448047] raid6: sse2x1   gen() 13828 MB/s
[    8.496250] raid6: sse2x1   xor()  8147 MB/s
[    8.545271] raid6: sse2x2   gen() 17968 MB/s
[    8.593194] raid6: sse2x2   xor() 11431 MB/s
[    8.648059] raid6: sse2x4   gen() 16796 MB/s
[    8.698827] raid6: sse2x4   xor() 11302 MB/s
[    8.753428] raid6: avx2x1   gen() 29155 MB/s
[    8.800350] raid6: avx2x1   xor() 15642 MB/s
[    8.848060] raid6: avx2x2   gen() 30637 MB/s
[    8.896025] raid6: avx2x2   xor() 19355 MB/s
[    8.944224] raid6: avx2x4   gen() 30347 MB/s
[    8.992124] raid6: avx2x4   xor() 17573 MB/s
[    8.993118] raid6: using algorithm avx2x2 gen() 30637 MB/s
[    8.994285] raid6: .... xor() 19355 MB/s, rmw enabled
[    8.995397] raid6: using avx2x2 recovery algorithm
[    8.997538] xor: automatically using best checksumming function   avx       
[    9.000482] async_tx: api initialized (async)
done.
Begin: Running /scripts/init-premount ... done.
Begin: Mounting root file system ... Begin: Running /scripts/local-top ... done.
Begin: Running /scripts/local-premount ... [    9.047022] Btrfs loaded, crc32c=crc32c-intel
Scanning for Btrfs filesystems
done.
Warning: fsck not present, so skipping root file system
[    9.076190] EXT4-fs (sda1): INFO: recovery required on readonly filesystem
[    9.077477] EXT4-fs (sda1): write access will be enabled during recovery
[    9.226768] EXT4-fs (sda1): recovery complete
[    9.229897] EXT4-fs (sda1): mounted filesystem with ordered data mode. Opts: (null)
done.
Begin: Running /scripts/local-bottom ... done.
Begin: Running /scripts/init-bottom ... done.
[    9.411988] ip_tables: (C) 2000-2006 Netfilter Core Team
[    9.423981] systemd[1]: systemd 237 running in system mode. (+PAM +AUDIT +SELINUX +IMA +APPARMOR +SMACK +SYSVINIT +UTMP +LIBCRYPTSETUP +GCRYPT +GNUTLS +ACL +XZ +LZ4 +SECCOMP +BLKID +ELFUTILS +KMOD -IDN2 +IDN -PCRE2 default-hierarchy=hybrid)
[    9.428373] systemd[1]: Detected virtualization oracle.
[    9.429394] systemd[1]: Detected architecture x86-64.

Welcome to [1mUbuntu 18.04.5 LTS[0m!

[    9.435076] systemd[1]: Set hostname to <ubuntu-bionic>.
[    9.748899] systemd[1]: Created slice User and Session Slice.
[[0;32m  OK  [0m] Created slice User and Session Slice.
[    9.751170] systemd[1]: Reached target Swap.
[[0;32m  OK  [0m] Reached target Swap.
[    9.752868] systemd[1]: Started Forward Password Requests to Wall Directory Watch.
[[0;32m  OK  [0m] Started Forward Password Requests to Wall Directory Watch.
[    9.755855] systemd[1]: Set up automount Arbitrary Executable File Formats File System Automount Point.
[[0;32m  OK  [0m] Set up automount Arbitrary Executab…rmats File System Automount Point.
[    9.759476] systemd[1]: Reached target User and Group Name Lookups.
[[0;32m  OK  [0m] Reached target User and Group Name Lookups.
[    9.762310] systemd[1]: Created slice System Slice.
[[0;32m  OK  [0m] Created slice System Slice.
[[0;32m  OK  [0m] Listening on fsck to fsckd communication Socket.
[[0;32m  OK  [0m] Listening on Network Service Netlink Socket.
[[0;32m  OK  [0m] Listening on /dev/initctl Compatibility Named Pipe.
[[0;32m  OK  [0m] Listening on Syslog Socket.
[[0;32m  OK  [0m] Listening on Device-mapper event daemon FIFOs.
[[0;32m  OK  [0m] Listening on Journal Audit Socket.
[[0;32m  OK  [0m] Listening on udev Kernel Socket.
[[0;32m  OK  [0m] Listening on udev Control Socket.
[[0;32m  OK  [0m] Listening on LVM2 poll daemon socket.
[[0;32m  OK  [0m] Listening on Journal Socket (/dev/log).
[[0;32m  OK  [0m] Reached target Slices.
[[0;32m  OK  [0m] Listening on Journal Socket.
         Starting File System Check on Root Device...
         Mounting POSIX Message Queue File System...
         Starting Create list of required st…ce nodes for the current kernel...
         Starting udev Coldplug all Devices...
         Mounting Kernel Debug File System...
         Starting Set the console keyboard layout...
         Starting Journal Service...
         Mounting Huge Pages File System...
         Starting Load Kernel Modules...
[[0;32m  OK  [0m] Created slice system-serial\x2dgetty.slice.
[[0;32m  OK  [0m] Listening on LVM2 metadata daemon socket.
[    9.882465] Loading iSCSI transport class v2.0-870.
         Starting Monitoring of LVM2 mirrors…ng dmeventd or progress polling...
         Starting Uncomplicated firewall...
[[0;32m  OK  [0m] Reached target System Time Synchronized.
[[0;32m  OK  [0m] Started Journal Service.
[[0;32m  OK  [0m] Started File System Check on Root Device.
[[0;32m  OK  [0m] Mounted POSIX Message Queue File System.
[    9.896807] iscsi: registered transport (tcp)
[[0;32m  OK  [0m] Started Create list of required sta…vice nodes for the current kernel.
[[0;32m  OK  [0m] Mounted Kernel Debug File System.
[    9.916201] iscsi: registered transport (iser)
[[0;32m  OK  [0m] Mounted Huge Pages File System.
[[0;32m  OK  [0m] Started Load Kernel Modules.
[[0;32m  OK  [0m] Started File System Check Daemon to report status.
         Starting Apply Kernel Variables...
         Mounting Kernel Configuration File System...
         Mounting FUSE Control File System...
         Starting Create Static Device Nodes in /dev...
         Starting Remount Root and Kernel File Systems...
[[0;32m  OK  [0m] Mounted FUSE Control File System.
[[0;32m  OK  [0m] Started udev Coldplug all Devices.
[[0;32m  OK  [0m] Started Uncomplicated firewall.
[[0;32m  OK  [0m] Mounted Kernel Configuration File System.
[[0;32m  OK  [0m] Started LVM2 metadata daemon.
[[0;32m  OK  [0m] Started Apply Kernel Variables.
[[0;32m  OK  [0m] Started Remount Root and Kernel File Systems.
         Starting Flush Journal to Persistent Storage...
         Starting Load/Save Random Seed...
[[0;32m  OK  [0m] Started Load/Save Random Seed.
[[0;32m  OK  [0m] Started Create Static Device Nodes in /dev.
[[0;32m  OK  [0m] Started Set the console keyboard layout.
         Starting udev Kernel Device Manager...
[[0;32m  OK  [0m] Started Monitoring of LVM2 mirrors,…sing dmeventd or progress polling.
[[0;32m  OK  [0m] Reached target Local File Systems (Pre).
[[0;32m  OK  [0m] Reached target Local File Systems.
         Starting Enable support for additional executable binary formats...
         Starting AppArmor initialization...
         Starting Set console font and keymap...
         Starting ebtables ruleset management...
         Starting Tell Plymouth To Write Out Runtime Data...
[[0;32m  OK  [0m] Started udev Kernel Device Manager.
[[0;32m  OK  [0m] Started Dispatch Password Requests to Console Directory Watch.
[[0;32m  OK  [0m] Reached target Local Encrypted Volumes.
[[0;32m  OK  [0m] Started Set console font and keymap.
         Mounting Arbitrary Executable File Formats File System...
[[0;32m  OK  [0m] Mounted Arbitrary Executable File Formats File System.
[[0;32m  OK  [0m] Started Tell Plymouth To Write Out Runtime Data.
[[0;32m  OK  [0m] Started Enable support for additional executable binary formats.
[[0;32m  OK  [0m] Started Flush Journal to Persistent Storage.
         Starting Create Volatile Files and Directories...
[[0;32m  OK  [0m] Started Create Volatile Files and Directories.
[[0;32m  OK  [0m] Started ebtables ruleset management.
[[0;32m  OK  [0m] Found device /dev/ttyS0.
         Starting Update UTMP about System Boot/Shutdown...
[[0;32m  OK  [0m] Started Update UTMP about System Boot/Shutdown.
[[0;32m  OK  [0m] Listening on Load/Save RF Kill Switch Status /dev/rfkill Watch.
[[0;32m  OK  [0m] Started AppArmor initialization.
         Starting Load AppArmor profiles managed internally by snapd...
         Starting Initial cloud-init job (pre-networking)...
[[0;32m  OK  [0m] Started Load AppArmor profiles managed internally by snapd.
[   11.673943] cloud-init[568]: Cloud-init v. 21.2-3-g899bfaa9-0ubuntu2~18.04.1 running 'init-local' at Tue, 14 Sep 2021 17:44:30 +0000. Up 11.50 seconds.
[[0;32m  OK  [0m] Started Initial cloud-init job (pre-networking).
[[0;32m  OK  [0m] Reached target Network (Pre).
         Starting Network Service...
[[0;32m  OK  [0m] Started Network Service.
         Starting Network Name Resolution...
         Starting Wait for Network to be Configured...
[[0;32m  OK  [0m] Started Network Name Resolution.
[[0;32m  OK  [0m] Reached target Network.
[[0;32m  OK  [0m] Reached target Host and Network Name Lookups.
[[0;32m  OK  [0m] Started Wait for Network to be Configured.
         Starting Initial cloud-init job (metadata service crawler)...
[   14.005036] cloud-init[693]: Cloud-init v. 21.2-3-g899bfaa9-0ubuntu2~18.04.1 running 'init' at Tue, 14 Sep 2021 17:44:32 +0000. Up 13.88 seconds.
[   14.016519] cloud-init[693]: ci-info: ++++++++++++++++++++++++++++++++++++++Net device info++++++++++++++++++++++++++++++++++++++
[   14.018465] cloud-init[693]: ci-info: +--------+------+----------------------------+---------------+--------+-------------------+
[   14.020141] cloud-init[693]: ci-info: | Device |  Up  |          Address           |      Mask     | Scope  |     Hw-Address    |
[   14.021690] cloud-init[693]: ci-info: +--------+------+----------------------------+---------------+--------+-------------------+
[   14.023522] cloud-init[693]: ci-info: | enp0s3 | True |         10.0.2.15          | 255.255.255.0 | global | 02:82:2a:96:15:3b |
[   14.025300] cloud-init[693]: ci-info: | enp0s3 | True | fe80::82:2aff:fe96:153b/64 |       .       |  link  | 02:82:2a:96:15:3b |
[   14.027173] cloud-init[693]: ci-info: |   lo   | True |         127.0.0.1          |   255.0.0.0   |  host  |         .         |
[   14.028901] cloud-init[693]: ci-info: |   lo   | True |          ::1/128           |       .       |  host  |         .         |
[   14.030602] cloud-init[693]: ci-info: +--------+------+----------------------------+---------------+--------+-------------------+
[   14.032417] cloud-init[693]: ci-info: ++++++++++++++++++++++++++++Route IPv4 info+++++++++++++++++++++++++++++
[   14.033964] cloud-init[693]: ci-info: +-------+-------------+----------+-----------------+-----------+-------+
[   14.035474] cloud-init[693]: ci-info: | Route | Destination | Gateway  |     Genmask     | Interface | Flags |
[   14.037080] cloud-init[693]: ci-info: +-------+-------------+----------+-----------------+-----------+-------+
[   14.038612] cloud-init[693]: ci-info: |   0   |   0.0.0.0   | 10.0.2.2 |     0.0.0.0     |   enp0s3  |   UG  |
[   14.040189] cloud-init[693]: ci-info: |   1   |   10.0.2.0  | 0.0.0.0  |  255.255.255.0  |   enp0s3  |   U   |
[   14.041717] cloud-init[693]: ci-info: |   2   |   10.0.2.2  | 0.0.0.0  | 255.255.255.255 |   enp0s3  |   UH  |
[   14.043246] cloud-init[693]: ci-info: +-------+-------------+----------+-----------------+-----------+-------+
[   14.044798] cloud-init[693]: ci-info: +++++++++++++++++++Route IPv6 info+++++++++++++++++++
[   14.046074] cloud-init[693]: ci-info: +-------+-------------+---------+-----------+-------+
[   14.047369] cloud-init[693]: ci-info: | Route | Destination | Gateway | Interface | Flags |
[   14.048667] cloud-init[693]: ci-info: +-------+-------------+---------+-----------+-------+
[   14.049923] cloud-init[693]: ci-info: |   1   |  fe80::/64  |    ::   |   enp0s3  |   U   |
[   14.051221] cloud-init[693]: ci-info: |   3   |    local    |    ::   |   enp0s3  |   U   |
[   14.052619] cloud-init[693]: ci-info: |   4   |   ff00::/8  |    ::   |   enp0s3  |   U   |
[   14.053908] cloud-init[693]: ci-info: +-------+-------------+---------+-----------+-------+
[[0;32m  OK  [0m] Started Initial cloud-init job (metadata service crawler).
[[0;32m  OK  [0m] Reached target Network is Online.
[[0;32m  OK  [0m] Reached target Remote File Systems (Pre).
         Mounting /vagrant...
         Starting Availability of block devices...
[[0;32m  OK  [0m] Reached target System Initialization.
[[0;32m  OK  [0m] Started ACPI Events Check.
[[0;32m  OK  [0m] Listening on ACPID Listen Socket.
[[0;32m  OK  [0m] Reached target Paths.
         Starting LXD - unix socket.
[[0;32m  OK  [0m] Listening on Open-iSCSI iscsid Socket.
[[0;32m  OK  [0m] Started Daily apt download activities.
[[0;32m  OK  [0m] Started Daily apt upgrade and clean activities.
[[0;32m  OK  [0m] Started Daily Cleanup of Temporary Directories.
[[0;32m  OK  [0m] Started Discard unused blocks once a week.
[[0;32m  OK  [0m] Listening on D-Bus System Message Bus Socket.
[[0;32m  OK  [0m] Started Ubuntu Advantage update messaging.
[[0;32m  OK  [0m] Started Message of the Day.
[[0;32m  OK  [0m] Reached target Timers.
[[0;32m  OK  [0m] Listening on UUID daemon activation socket.
         Starting Socket activation for snappy daemon.
[[0;32m  OK  [0m] Reached target Cloud-config availability.
[[0;32m  OK  [0m] Mounted /vagrant.
[[0;32m  OK  [0m] Started Availability of block devices.
[[0;32m  OK  [0m] Listening on LXD - unix socket.
[[0;32m  OK  [0m] Listening on Socket activation for snappy daemon.
[[0;32m  OK  [0m] Reached target Sockets.
[[0;32m  OK  [0m] Reached target Basic System.
         Starting System Logging Service...
         Starting Message of the Day...
[[0;32m  OK  [0m] Started irqbalance daemon.
         Starting Dispatcher daemon for systemd-networkd...
         Starting Login Service...
[[0;32m  OK  [0m] Started D-Bus System Message Bus.
[[0;32m  OK  [0m] Started FUSE filesystem for LXC.
[[0;32m  OK  [0m] Started Deferred execution scheduler.
[[0;32m  OK  [0m] Started Regular background program processing daemon.
         Starting Ubuntu Advantage APT and MOTD Messages...
         Starting Snap Daemon...
         Starting Accounts Service...
         Starting OpenBSD Secure Shell server...
         Starting LSB: Record successful boot for GRUB...
         Starting Virtualbox guest utils...
         Starting LXD - container startup/shutdown...
[[0;32m  OK  [0m] Reached target Remote File Systems.
         Starting LSB: automatic crash report generation...
         Starting Permit User Sessions...
[[0;32m  OK  [0m] Started System Logging Service.
[[0;32m  OK  [0m] Started Dispatcher daemon for systemd-networkd.
[[0;32m  OK  [0m] Started Login Service.
[[0;32m  OK  [0m] Started Permit User Sessions.
[[0;32m  OK  [0m] Started OpenBSD Secure Shell server.
         Starting Hold until boot process finishes up...
         Starting Terminate Plymouth Boot Screen...
         Starting Authorization Manager...
[[0;32m  OK  [0m] Started Unattended Upgrades Shutdown.
[[0;32m  OK  [0m] Started Hold until boot process finishes up.
[[0;32m  OK  [0m] Started Terminate Plymouth Boot Screen.
         Starting Set console scheme...
[[0;32m  OK  [0m] Started Serial Getty on ttyS0.
[[0;32m  OK  [0m] Started Virtualbox guest utils.
[[0;32m  OK  [0m] Started LSB: Record successful boot for GRUB.
[[0;32m  OK  [0m] Started Set console scheme.
[[0;32m  OK  [0m] Created slice system-getty.slice.
[[0;32m  OK  [0m] Started Getty on tty1.
[[0;32m  OK  [0m] Reached target Login Prompts.
[[0;32m  OK  [0m] Started Authorization Manager.
[[0;32m  OK  [0m] Started Accounts Service.
[[0;32m  OK  [0m] Started LSB: automatic crash report generation.
[[0;32m  OK  [0m] Started LXD - container startup/shutdown.
[[0;32m  OK  [0m] Started Ubuntu Advantage APT and MOTD Messages.
[[0;32m  OK  [0m] Started Snap Daemon.
         Starting Wait until snapd is fully seeded...
[[0;32m  OK  [0m] Started Wait until snapd is fully seeded.
[[0;32m  OK  [0m] Reached target Multi-User System.
[[0;32m  OK  [0m] Reached target Graphical Interface.
         Starting Update UTMP about System Runlevel Changes...
         Starting Apply the settings specified in cloud-config...
[[0;32m  OK  [0m] Started Update UTMP about System Runlevel Changes.
[   16.128421] cloud-init[1236]: Cloud-init v. 21.2-3-g899bfaa9-0ubuntu2~18.04.1 running 'modules:config' at Tue, 14 Sep 2021 17:44:34 +0000. Up 16.04 seconds.
[[0;32m  OK  [0m] Started Apply the settings specified in cloud-config.
         Starting Execute cloud user/final scripts...
[   16.557829] cloud-init[1273]: Cloud-init v. 21.2-3-g899bfaa9-0ubuntu2~18.04.1 running 'modules:final' at Tue, 14 Sep 2021 17:44:35 +0000. Up 16.46 seconds.
[   16.560176] cloud-init[1273]: Cloud-init v. 21.2-3-g899bfaa9-0ubuntu2~18.04.1 finished at Tue, 14 Sep 2021 17:44:35 +0000. Datasource DataSourceNoCloud [seed=/dev/sdb][dsmode=net].  Up 16.55 seconds
[[0;32m  OK  [0m] Started Execute cloud user/final scripts.
[[0;32m  OK  [0m] Reached target Cloud-init target.
[[0;32m  OK  [0m] Created slice User Slice of vagrant.
         Starting User Manager for UID 1000...
[[0;32m  OK  [0m] Started Session 1 of user vagrant.
[[0;32m  OK  [0m] Started User Manager for UID 1000.

Ubuntu 18.04.5 LTS ubuntu-bionic ttyS0

ubuntu-bionic login:          Stopping Session 40 of user vagrant.
[[0;32m  OK  [0m] Stopped target Graphical Interface.
         Stopping Authorization Manager...
[[0;32m  OK  [0m] Stopped target Timers.
[[0;32m  OK  [0m] Stopped Daily apt upgrade and clean activities.
         Stopping Availability of block devices...
[[0;32m  OK  [0m] Stopped Daily Cleanup of Temporary Directories.
[[0;32m  OK  [0m] Stopped target Cloud-init target.
[[0;32m  OK  [0m] Stopped Daily apt download activities.
[[0;32m  OK  [0m] Closed Load/Save RF Kill Switch Status /dev/rfkill Watch.
         Stopping User Manager for UID 1000...
[[0;32m  OK  [0m] Stopped Message of the Day.
         Stopping Accounts Service...
[[0;32m  OK  [0m] Stopped Discard unused blocks once a week.
[[0;32m  OK  [0m] Stopped target Host and Network Name Lookups.
[[0;32m  OK  [0m] Stopped Ubuntu Advantage update messaging.
[[0;32m  OK  [0m] Stopped target System Time Synchronized.
[[0;32m  OK  [0m] Stopped Execute cloud user/final scripts.
[[0;32m  OK  [0m] Stopped target Multi-User System.
         Stopping OpenBSD Secure Shell server...
         Stopping LSB: automatic crash report generation...
[[0;32m  OK  [0m] Stopped target Login Prompts.
         Stopping Serial Getty on ttyS0...
         Stopping Getty on tty1...
         Stopping Regular background program processing daemon...
         Stopping Virtualbox guest utils...
         Stopping irqbalance daemon...
         Stopping LSB: Record successful boot for GRUB...
         Stopping FUSE filesystem for LXC...
         Stopping Deferred execution scheduler...
         Stopping D-Bus System Message Bus...
         Stopping System Logging Service...
         Stopping Dispatcher daemon for systemd-networkd...
         Stopping LXD - container startup/shutdown...
[[0;32m  OK  [0m] Stopped Apply the settings specified in cloud-config.
[[0;32m  OK  [0m] Stopped Wait until snapd is fully seeded.
[[0;32m  OK  [0m] Stopped target Cloud-config availability.
[[0;32m  OK  [0m] Unmounted /var/lib/lxcfs.
[[0;32m  OK  [0m] Stopped System Logging Service.
[[0;32m  OK  [0m] Stopped irqbalance daemon.
[[0;32m  OK  [0m] Stopped Dispatcher daemon for systemd-networkd.
[[0;32m  OK  [0m] Stopped Deferred execution scheduler.
[[0;32m  OK  [0m] Stopped Regular background program processing daemon.
[[0;32m  OK  [0m] Stopped Accounts Service.
[[0;32m  OK  [0m] Stopped OpenBSD Secure Shell server.
[[0;32m  OK  [0m] Stopped Authorization Manager.
[[0;32m  OK  [0m] Stopped Serial Getty on ttyS0.
[[0;32m  OK  [0m] Stopped Getty on tty1.
[[0;32m  OK  [0m] Stopped User Manager for UID 1000.
[[0;32m  OK  [0m] Stopped Availability of block devices.
[[0;32m  OK  [0m] Stopped D-Bus System Message Bus.
[[0;32m  OK  [0m] Stopped FUSE filesystem for LXC.
[[0;32m  OK  [0m] Stopped Session 40 of user vagrant.
[[0;32m  OK  [0m] Removed slice User Slice of vagrant.
         Stopping Login Service...
[[0;32m  OK  [0m] Removed slice system-getty.slice.
[[0;32m  OK  [0m] Removed slice system-serial\x2dgetty.slice.
         Stopping Permit User Sessions...
[[0;32m  OK  [0m] Stopped LSB: automatic crash report generation.
[[0;32m  OK  [0m] Stopped LSB: Record successful boot for GRUB.
[[0;32m  OK  [0m] Stopped LXD - container startup/shutdown.
[[0;32m  OK  [0m] Stopped Permit User Sessions.
[[0;32m  OK  [0m] Stopped target Remote File Systems.
         Unmounting /vagrant...
[[0;32m  OK  [0m] Stopped Virtualbox guest utils.
[[0;32m  OK  [0m] Stopped Login Service.
[[0;32m  OK  [0m] Stopped target User and Group Name Lookups.
[[0;32m  OK  [0m] Stopped target Basic System.
[[0;32m  OK  [0m] Stopped target Slices.
[[0;32m  OK  [0m] Stopped target Sockets.
[[0;32m  OK  [0m] Closed LXD - unix socket.
[[0;32m  OK  [0m] Closed Open-iSCSI iscsid Socket.
[[0;32m  OK  [0m] Closed D-Bus System Message Bus Socket.
[[0;32m  OK  [0m] Closed ACPID Listen Socket.
[[0;32m  OK  [0m] Closed Syslog Socket.
[[0;32m  OK  [0m] Closed UUID daemon activation socket.
[[0;32m  OK  [0m] Closed Socket activation for snappy daemon.
[[0;32m  OK  [0m] Stopped target Paths.
[[0;32m  OK  [0m] Stopped ACPI Events Check.
[[0;32m  OK  [0m] Stopped target System Initialization.
         Stopping Load/Save Random Seed...
[[0;32m  OK  [0m] Stopped target Local Encrypted Volumes.
[[0;32m  OK  [0m] Stopped Dispatch Password Requests to Console Directory Watch.
         Stopping Update UTMP about System Boot/Shutdown...
[[0;32m  OK  [0m] Stopped Forward Password Requests to Wall Directory Watch.
[[0;32m  OK  [0m] Removed slice User and Session Slice.
[[0;32m  OK  [0m] Stopped Load/Save Random Seed.
[[0;32m  OK  [0m] Stopped Update UTMP about System Boot/Shutdown.
[[0;32m  OK  [0m] Unmounted /vagrant.
[[0;32m  OK  [0m] Stopped target Network is Online.
[[0;32m  OK  [0m] Stopped Initial cloud-init job (metadata service crawler).
[[0;32m  OK  [0m] Stopped Wait for Network to be Configured.
[[0;32m  OK  [0m] Stopped target Network.
         Stopping Network Name Resolution...
[[0;32m  OK  [0m] Stopped target Remote File Systems (Pre).
[[0;32m  OK  [0m] Stopped Network Name Resolution.
[[0;32m  OK  [0m] Stopped Create Volatile Files and Directories.
[[0;32m  OK  [0m] Stopped target Local File Systems.
         Unmounting /run/user/1000...
         Stopping Network Service...
[[0;32m  OK  [0m] Unmounted /run/user/1000.
[[0;32m  OK  [0m] Reached target Unmount All Filesystems.
[[0;32m  OK  [0m] Stopped target Swap.
[[0;32m  OK  [0m] Stopped target Local File Systems (Pre).
[[0;32m  OK  [0m] Stopped Create Static Device Nodes in /dev.
         Stopping Monitoring of LVM2 mirrors…ng dmeventd or progress polling...
[[0;32m  OK  [0m] Stopped Network Service.
[[0;32m  OK  [0m] Stopped Apply Kernel Variables.
[[0;32m  OK  [0m] Stopped Load Kernel Modules.
[[0;32m  OK  [0m] Stopped target Network (Pre).
[[0;32m  OK  [0m] Stopped Initial cloud-init job (pre-networking).
[[0;32m  OK  [0m] Stopped Remount Root and Kernel File Systems.
[[0;32m  OK  [0m] Reached target Shutdown.
[[0;32m  OK  [0m] Reached target Final Step.
         Starting Power-Off...
[[0;32m  OK  [0m] Stopped Monitoring of LVM2 mirrors,…sing dmeventd or progress polling.
         Stopping LVM2 metadata daemon...
[[0;32m  OK  [0m] Stopped LVM2 metadata daemon.
[98629.511981] reboot: Power down
